2023-11-07 16:08:33.392 INFO  [background-preinit] [o.h.validator.internal.util.Version] - HV000001: Hibernate Validator 6.2.5.Final
2023-11-07 16:08:33.399 INFO  [restartedMain] [com.shop.Pro05Application] - Starting Pro05Application using Java 17.0.7 on FULL8-017 with PID 8820 (D:\shin\springboot\pro05\build\classes\java\main started by db400tea in D:\shin\springboot\pro05)
2023-11-07 16:08:33.400 INFO  [restartedMain] [com.shop.Pro05Application] - No active profile set, falling back to 1 default profile: "default"
2023-11-07 16:08:33.663 INFO  [restartedMain] [o.s.b.d.e.DevToolsPropertyDefaultsPostProcessor] - Devtools property defaults active! Set 'spring.devtools.add-properties' to 'false' to disable
2023-11-07 16:08:33.663 INFO  [restartedMain] [o.s.b.d.e.DevToolsPropertyDefaultsPostProcessor] - For additional web related logging consider setting the 'logging.level.web' property to 'DEBUG'
2023-11-07 16:08:34.058 WARN  [restartedMain] [o.m.spring.mapper.ClassPathMapperScanner] - No MyBatis mapper was found in '[com.shop]' package. Please check your configuration.
2023-11-07 16:08:34.440 INFO  [restartedMain] [o.s.b.w.embedded.tomcat.TomcatWebServer] - Tomcat initialized with port(s): 8085 (http)
2023-11-07 16:08:34.445 INFO  [restartedMain] [o.apache.coyote.http11.Http11NioProtocol] - Initializing ProtocolHandler ["http-nio-8085"]
2023-11-07 16:08:34.446 INFO  [restartedMain] [org.apache.catalina.core.StandardService] - Starting service [Tomcat]
2023-11-07 16:08:34.446 INFO  [restartedMain] [org.apache.catalina.core.StandardEngine] - Starting Servlet engine: [Apache Tomcat/9.0.82]
2023-11-07 16:08:34.493 INFO  [restartedMain] [o.a.c.c.C.[Tomcat].[localhost].[/]] - Initializing Spring embedded WebApplicationContext
2023-11-07 16:08:34.494 INFO  [restartedMain] [o.s.b.w.s.c.ServletWebServerApplicationContext] - Root WebApplicationContext: initialization completed in 830 ms
2023-11-07 16:08:34.770 INFO  [restartedMain] [o.s.b.a.w.s.WelcomePageHandlerMapping] - Adding welcome page template: index
2023-11-07 16:08:34.954 WARN  [restartedMain] [o.s.b.a.s.s.UserDetailsServiceAutoConfiguration] - 

Using generated security password: c8494d8f-9e06-4cf9-9384-d5589b9225ef

This generated password is for development use only. Your security configuration must be updated before running your application in production.

2023-11-07 16:08:35.010 INFO  [restartedMain] [o.s.s.web.DefaultSecurityFilterChain] - Will secure any request with [org.springframework.security.web.session.DisableEncodeUrlFilter@583d6dbd, org.springframework.security.web.context.request.async.WebAsyncManagerIntegrationFilter@3c18108, org.springframework.security.web.context.SecurityContextPersistenceFilter@1cc9eb35, org.springframework.security.web.header.HeaderWriterFilter@f696d2f, org.springframework.security.web.csrf.CsrfFilter@3be34f93, org.springframework.security.web.authentication.logout.LogoutFilter@146c3d43, org.springframework.security.web.authentication.UsernamePasswordAuthenticationFilter@57a13ba5, org.springframework.security.web.authentication.ui.DefaultLoginPageGeneratingFilter@35e48fc4, org.springframework.security.web.authentication.ui.DefaultLogoutPageGeneratingFilter@18768f41, org.springframework.security.web.authentication.www.BasicAuthenticationFilter@5d20d0f2, org.springframework.security.web.savedrequest.RequestCacheAwareFilter@61f5152a, org.springframework.security.web.servletapi.SecurityContextHolderAwareRequestFilter@39733c39, org.springframework.security.web.authentication.AnonymousAuthenticationFilter@3f3a04b3, org.springframework.security.web.session.SessionManagementFilter@9f91229, org.springframework.security.web.access.ExceptionTranslationFilter@40ea594a, org.springframework.security.web.access.intercept.FilterSecurityInterceptor@14a3b8db]
2023-11-07 16:08:35.032 INFO  [restartedMain] [o.s.b.d.a.OptionalLiveReloadServer] - LiveReload server is running on port 35729
2023-11-07 16:08:35.042 INFO  [restartedMain] [o.apache.coyote.http11.Http11NioProtocol] - Starting ProtocolHandler ["http-nio-8085"]
2023-11-07 16:08:35.051 INFO  [restartedMain] [o.s.b.w.embedded.tomcat.TomcatWebServer] - Tomcat started on port(s): 8085 (http) with context path ''
2023-11-07 16:08:35.058 INFO  [restartedMain] [com.shop.Pro05Application] - Started Pro05Application in 2.111 seconds (JVM running for 2.639)
2023-11-07 16:08:58.089 INFO  [http-nio-8085-exec-1] [o.a.c.c.C.[Tomcat].[localhost].[/]] - Initializing Spring DispatcherServlet 'dispatcherServlet'
2023-11-07 16:08:58.089 INFO  [http-nio-8085-exec-1] [o.s.web.servlet.DispatcherServlet] - Initializing Servlet 'dispatcherServlet'
2023-11-07 16:08:58.089 INFO  [http-nio-8085-exec-1] [o.s.web.servlet.DispatcherServlet] - Completed initialization in 0 ms
2023-11-07 16:16:38.197 INFO  [restartedMain] [com.shop.Pro05Application] - Starting Pro05Application using Java 17.0.7 on FULL8-017 with PID 19164 (D:\shin\springboot\pro05\build\classes\java\main started by db400tea in D:\shin\springboot\pro05)
2023-11-07 16:16:38.197 INFO  [background-preinit] [o.h.validator.internal.util.Version] - HV000001: Hibernate Validator 6.2.5.Final
2023-11-07 16:16:38.199 INFO  [restartedMain] [com.shop.Pro05Application] - No active profile set, falling back to 1 default profile: "default"
2023-11-07 16:16:38.417 INFO  [restartedMain] [o.s.b.d.e.DevToolsPropertyDefaultsPostProcessor] - Devtools property defaults active! Set 'spring.devtools.add-properties' to 'false' to disable
2023-11-07 16:16:38.417 INFO  [restartedMain] [o.s.b.d.e.DevToolsPropertyDefaultsPostProcessor] - For additional web related logging consider setting the 'logging.level.web' property to 'DEBUG'
2023-11-07 16:16:38.873 WARN  [restartedMain] [o.m.spring.mapper.ClassPathMapperScanner] - No MyBatis mapper was found in '[com.shop]' package. Please check your configuration.
2023-11-07 16:16:39.092 INFO  [restartedMain] [o.s.b.w.embedded.tomcat.TomcatWebServer] - Tomcat initialized with port(s): 8085 (http)
2023-11-07 16:16:39.096 INFO  [restartedMain] [o.apache.coyote.http11.Http11NioProtocol] - Initializing ProtocolHandler ["http-nio-8085"]
2023-11-07 16:16:39.097 INFO  [restartedMain] [org.apache.catalina.core.StandardService] - Starting service [Tomcat]
2023-11-07 16:16:39.097 INFO  [restartedMain] [org.apache.catalina.core.StandardEngine] - Starting Servlet engine: [Apache Tomcat/9.0.82]
2023-11-07 16:16:39.137 INFO  [restartedMain] [o.a.c.c.C.[Tomcat].[localhost].[/]] - Initializing Spring embedded WebApplicationContext
2023-11-07 16:16:39.138 INFO  [restartedMain] [o.s.b.w.s.c.ServletWebServerApplicationContext] - Root WebApplicationContext: initialization completed in 720 ms
2023-11-07 16:16:39.199 WARN  [restartedMain] [o.s.b.a.s.s.UserDetailsServiceAutoConfiguration] - 

Using generated security password: e9f7b839-a7cc-4f40-a4d8-13459862b646

This generated password is for development use only. Your security configuration must be updated before running your application in production.

2023-11-07 16:16:39.249 INFO  [restartedMain] [o.s.s.web.DefaultSecurityFilterChain] - Will secure any request with [org.springframework.security.web.session.DisableEncodeUrlFilter@5fc51070, org.springframework.security.web.context.request.async.WebAsyncManagerIntegrationFilter@45f1d9f, org.springframework.security.web.context.SecurityContextPersistenceFilter@345528c7, org.springframework.security.web.header.HeaderWriterFilter@641c90aa, org.springframework.security.web.csrf.CsrfFilter@680a47a1, org.springframework.security.web.authentication.logout.LogoutFilter@5dd0832a, org.springframework.security.web.savedrequest.RequestCacheAwareFilter@56844856, org.springframework.security.web.servletapi.SecurityContextHolderAwareRequestFilter@75c9f230, org.springframework.security.web.authentication.AnonymousAuthenticationFilter@721cc408, org.springframework.security.web.session.SessionManagementFilter@154095d5, org.springframework.security.web.access.ExceptionTranslationFilter@40c2679c, org.springframework.security.web.access.intercept.FilterSecurityInterceptor@4652a3d2]
2023-11-07 16:16:39.338 INFO  [restartedMain] [o.s.b.a.w.s.WelcomePageHandlerMapping] - Adding welcome page template: index
2023-11-07 16:16:39.490 INFO  [restartedMain] [o.s.b.d.a.OptionalLiveReloadServer] - LiveReload server is running on port 35729
2023-11-07 16:16:39.499 INFO  [restartedMain] [o.apache.coyote.http11.Http11NioProtocol] - Starting ProtocolHandler ["http-nio-8085"]
2023-11-07 16:16:39.509 INFO  [restartedMain] [o.s.b.w.embedded.tomcat.TomcatWebServer] - Tomcat started on port(s): 8085 (http) with context path ''
2023-11-07 16:16:39.515 INFO  [restartedMain] [com.shop.Pro05Application] - Started Pro05Application in 1.536 seconds (JVM running for 1.977)
2023-11-07 16:16:39.584 INFO  [http-nio-8085-exec-1] [o.a.c.c.C.[Tomcat].[localhost].[/]] - Initializing Spring DispatcherServlet 'dispatcherServlet'
2023-11-07 16:16:39.584 INFO  [http-nio-8085-exec-1] [o.s.web.servlet.DispatcherServlet] - Initializing Servlet 'dispatcherServlet'
2023-11-07 16:16:39.585 INFO  [http-nio-8085-exec-1] [o.s.web.servlet.DispatcherServlet] - Completed initialization in 1 ms
2023-11-07 16:27:22.580 INFO  [background-preinit] [o.h.validator.internal.util.Version] - HV000001: Hibernate Validator 6.2.5.Final
2023-11-07 16:27:22.586 INFO  [restartedMain] [com.shop.Pro05Application] - Starting Pro05Application using Java 17.0.7 on FULL8-017 with PID 16040 (D:\shin\springboot\pro05\build\classes\java\main started by db400tea in D:\shin\springboot\pro05)
2023-11-07 16:27:22.588 INFO  [restartedMain] [com.shop.Pro05Application] - No active profile set, falling back to 1 default profile: "default"
2023-11-07 16:27:22.816 INFO  [restartedMain] [o.s.b.d.e.DevToolsPropertyDefaultsPostProcessor] - Devtools property defaults active! Set 'spring.devtools.add-properties' to 'false' to disable
2023-11-07 16:27:22.817 INFO  [restartedMain] [o.s.b.d.e.DevToolsPropertyDefaultsPostProcessor] - For additional web related logging consider setting the 'logging.level.web' property to 'DEBUG'
2023-11-07 16:27:23.273 WARN  [restartedMain] [o.m.spring.mapper.ClassPathMapperScanner] - No MyBatis mapper was found in '[com.shop]' package. Please check your configuration.
2023-11-07 16:27:23.488 INFO  [restartedMain] [o.s.b.w.embedded.tomcat.TomcatWebServer] - Tomcat initialized with port(s): 8085 (http)
2023-11-07 16:27:23.494 INFO  [restartedMain] [o.apache.coyote.http11.Http11NioProtocol] - Initializing ProtocolHandler ["http-nio-8085"]
2023-11-07 16:27:23.494 INFO  [restartedMain] [org.apache.catalina.core.StandardService] - Starting service [Tomcat]
2023-11-07 16:27:23.495 INFO  [restartedMain] [org.apache.catalina.core.StandardEngine] - Starting Servlet engine: [Apache Tomcat/9.0.82]
2023-11-07 16:27:23.537 INFO  [restartedMain] [o.a.c.c.C.[Tomcat].[localhost].[/]] - Initializing Spring embedded WebApplicationContext
2023-11-07 16:27:23.537 INFO  [restartedMain] [o.s.b.w.s.c.ServletWebServerApplicationContext] - Root WebApplicationContext: initialization completed in 720 ms
2023-11-07 16:27:23.602 WARN  [restartedMain] [o.s.b.a.s.s.UserDetailsServiceAutoConfiguration] - 

Using generated security password: 3ecbb953-d4ce-48dd-bccd-37e147cf5916

This generated password is for development use only. Your security configuration must be updated before running your application in production.

2023-11-07 16:27:23.656 INFO  [restartedMain] [o.s.s.web.DefaultSecurityFilterChain] - Will secure any request with [org.springframework.security.web.session.DisableEncodeUrlFilter@454e6869, org.springframework.security.web.context.request.async.WebAsyncManagerIntegrationFilter@de1e5cc, org.springframework.security.web.context.SecurityContextPersistenceFilter@ad035b, org.springframework.security.web.header.HeaderWriterFilter@2b8bbe66, org.springframework.security.web.csrf.CsrfFilter@5fa8030e, org.springframework.security.web.authentication.logout.LogoutFilter@5932b02e, org.springframework.security.web.savedrequest.RequestCacheAwareFilter@22c17906, org.springframework.security.web.servletapi.SecurityContextHolderAwareRequestFilter@180ba08e, org.springframework.security.web.authentication.AnonymousAuthenticationFilter@42e251fa, org.springframework.security.web.session.SessionManagementFilter@fb78b8c, org.springframework.security.web.access.ExceptionTranslationFilter@1cc166af, org.springframework.security.web.access.intercept.FilterSecurityInterceptor@394f0aff]
2023-11-07 16:27:23.751 INFO  [restartedMain] [o.s.b.a.w.s.WelcomePageHandlerMapping] - Adding welcome page template: index
2023-11-07 16:27:23.911 INFO  [restartedMain] [o.s.b.d.a.OptionalLiveReloadServer] - LiveReload server is running on port 35729
2023-11-07 16:27:23.920 INFO  [restartedMain] [o.apache.coyote.http11.Http11NioProtocol] - Starting ProtocolHandler ["http-nio-8085"]
2023-11-07 16:27:23.931 INFO  [restartedMain] [o.s.b.w.embedded.tomcat.TomcatWebServer] - Tomcat started on port(s): 8085 (http) with context path ''
2023-11-07 16:27:23.938 INFO  [restartedMain] [com.shop.Pro05Application] - Started Pro05Application in 1.592 seconds (JVM running for 2.026)
2023-11-07 16:27:36.121 INFO  [http-nio-8085-exec-1] [o.a.c.c.C.[Tomcat].[localhost].[/]] - Initializing Spring DispatcherServlet 'dispatcherServlet'
2023-11-07 16:27:36.121 INFO  [http-nio-8085-exec-1] [o.s.web.servlet.DispatcherServlet] - Initializing Servlet 'dispatcherServlet'
2023-11-07 16:27:36.122 INFO  [http-nio-8085-exec-1] [o.s.web.servlet.DispatcherServlet] - Completed initialization in 1 ms
2023-11-07 16:29:14.902 INFO  [restartedMain] [com.shop.Pro05Application] - Starting Pro05Application using Java 17.0.7 on FULL8-017 with PID 15064 (D:\shin\springboot\pro05\build\classes\java\main started by db400tea in D:\shin\springboot\pro05)
2023-11-07 16:29:14.905 INFO  [restartedMain] [com.shop.Pro05Application] - No active profile set, falling back to 1 default profile: "default"
2023-11-07 16:29:14.905 INFO  [background-preinit] [o.h.validator.internal.util.Version] - HV000001: Hibernate Validator 6.2.5.Final
2023-11-07 16:29:15.109 INFO  [restartedMain] [o.s.b.d.e.DevToolsPropertyDefaultsPostProcessor] - Devtools property defaults active! Set 'spring.devtools.add-properties' to 'false' to disable
2023-11-07 16:29:15.109 INFO  [restartedMain] [o.s.b.d.e.DevToolsPropertyDefaultsPostProcessor] - For additional web related logging consider setting the 'logging.level.web' property to 'DEBUG'
2023-11-07 16:29:15.657 WARN  [restartedMain] [o.m.spring.mapper.ClassPathMapperScanner] - No MyBatis mapper was found in '[com.shop]' package. Please check your configuration.
2023-11-07 16:29:15.939 INFO  [restartedMain] [o.s.b.w.embedded.tomcat.TomcatWebServer] - Tomcat initialized with port(s): 8085 (http)
2023-11-07 16:29:15.944 INFO  [restartedMain] [o.apache.coyote.http11.Http11NioProtocol] - Initializing ProtocolHandler ["http-nio-8085"]
2023-11-07 16:29:15.945 INFO  [restartedMain] [org.apache.catalina.core.StandardService] - Starting service [Tomcat]
2023-11-07 16:29:15.945 INFO  [restartedMain] [org.apache.catalina.core.StandardEngine] - Starting Servlet engine: [Apache Tomcat/9.0.82]
2023-11-07 16:29:15.995 INFO  [restartedMain] [o.a.c.c.C.[Tomcat].[localhost].[/]] - Initializing Spring embedded WebApplicationContext
2023-11-07 16:29:15.995 INFO  [restartedMain] [o.s.b.w.s.c.ServletWebServerApplicationContext] - Root WebApplicationContext: initialization completed in 886 ms
2023-11-07 16:29:16.056 WARN  [restartedMain] [o.s.b.a.s.s.UserDetailsServiceAutoConfiguration] - 

Using generated security password: 24b731ed-340b-4503-ab9a-198e3136c4d3

This generated password is for development use only. Your security configuration must be updated before running your application in production.

2023-11-07 16:29:16.104 INFO  [restartedMain] [o.s.s.web.DefaultSecurityFilterChain] - Will secure any request with [org.springframework.security.web.session.DisableEncodeUrlFilter@30ad6966, org.springframework.security.web.context.request.async.WebAsyncManagerIntegrationFilter@39422cb1, org.springframework.security.web.context.SecurityContextPersistenceFilter@34394ae5, org.springframework.security.web.header.HeaderWriterFilter@32326dc5, org.springframework.security.web.csrf.CsrfFilter@61ab7cd7, org.springframework.security.web.authentication.logout.LogoutFilter@7e1a498, org.springframework.security.web.savedrequest.RequestCacheAwareFilter@6b907609, org.springframework.security.web.servletapi.SecurityContextHolderAwareRequestFilter@2722a84d, org.springframework.security.web.authentication.AnonymousAuthenticationFilter@42426271, org.springframework.security.web.session.SessionManagementFilter@11c8ff5f, org.springframework.security.web.access.ExceptionTranslationFilter@2153b38c, org.springframework.security.web.access.intercept.FilterSecurityInterceptor@7ee7d3c2]
2023-11-07 16:29:16.193 INFO  [restartedMain] [o.s.b.a.w.s.WelcomePageHandlerMapping] - Adding welcome page template: index
2023-11-07 16:29:16.348 INFO  [restartedMain] [o.s.b.d.a.OptionalLiveReloadServer] - LiveReload server is running on port 35729
2023-11-07 16:29:16.357 INFO  [restartedMain] [o.apache.coyote.http11.Http11NioProtocol] - Starting ProtocolHandler ["http-nio-8085"]
2023-11-07 16:29:16.370 INFO  [restartedMain] [o.s.b.w.embedded.tomcat.TomcatWebServer] - Tomcat started on port(s): 8085 (http) with context path ''
2023-11-07 16:29:16.377 INFO  [restartedMain] [com.shop.Pro05Application] - Started Pro05Application in 1.74 seconds (JVM running for 2.176)
2023-11-07 16:29:16.399 INFO  [http-nio-8085-exec-1] [o.a.c.c.C.[Tomcat].[localhost].[/]] - Initializing Spring DispatcherServlet 'dispatcherServlet'
2023-11-07 16:29:16.399 INFO  [http-nio-8085-exec-1] [o.s.web.servlet.DispatcherServlet] - Initializing Servlet 'dispatcherServlet'
2023-11-07 16:29:16.400 INFO  [http-nio-8085-exec-1] [o.s.web.servlet.DispatcherServlet] - Completed initialization in 1 ms
2023-11-07 16:29:43.156 INFO  [background-preinit] [o.h.validator.internal.util.Version] - HV000001: Hibernate Validator 6.2.5.Final
2023-11-07 16:29:43.161 INFO  [restartedMain] [com.shop.Pro05Application] - Starting Pro05Application using Java 17.0.7 on FULL8-017 with PID 18612 (D:\shin\springboot\pro05\build\classes\java\main started by db400tea in D:\shin\springboot\pro05)
2023-11-07 16:29:43.162 INFO  [restartedMain] [com.shop.Pro05Application] - No active profile set, falling back to 1 default profile: "default"
2023-11-07 16:29:43.302 INFO  [restartedMain] [o.s.b.d.e.DevToolsPropertyDefaultsPostProcessor] - Devtools property defaults active! Set 'spring.devtools.add-properties' to 'false' to disable
2023-11-07 16:29:43.302 INFO  [restartedMain] [o.s.b.d.e.DevToolsPropertyDefaultsPostProcessor] - For additional web related logging consider setting the 'logging.level.web' property to 'DEBUG'
2023-11-07 16:29:43.643 WARN  [restartedMain] [o.m.spring.mapper.ClassPathMapperScanner] - No MyBatis mapper was found in '[com.shop]' package. Please check your configuration.
2023-11-07 16:29:43.854 INFO  [restartedMain] [o.s.b.w.embedded.tomcat.TomcatWebServer] - Tomcat initialized with port(s): 8085 (http)
2023-11-07 16:29:43.859 INFO  [restartedMain] [o.apache.coyote.http11.Http11NioProtocol] - Initializing ProtocolHandler ["http-nio-8085"]
2023-11-07 16:29:43.860 INFO  [restartedMain] [org.apache.catalina.core.StandardService] - Starting service [Tomcat]
2023-11-07 16:29:43.860 INFO  [restartedMain] [org.apache.catalina.core.StandardEngine] - Starting Servlet engine: [Apache Tomcat/9.0.82]
2023-11-07 16:29:43.902 INFO  [restartedMain] [o.a.c.c.C.[Tomcat].[localhost].[/]] - Initializing Spring embedded WebApplicationContext
2023-11-07 16:29:43.903 INFO  [restartedMain] [o.s.b.w.s.c.ServletWebServerApplicationContext] - Root WebApplicationContext: initialization completed in 599 ms
2023-11-07 16:29:43.964 WARN  [restartedMain] [o.s.b.a.s.s.UserDetailsServiceAutoConfiguration] - 

Using generated security password: 4bd7ff81-817e-4361-a4f5-92d3ef498c09

This generated password is for development use only. Your security configuration must be updated before running your application in production.

2023-11-07 16:29:44.013 INFO  [restartedMain] [o.s.s.web.DefaultSecurityFilterChain] - Will secure any request with [org.springframework.security.web.session.DisableEncodeUrlFilter@270e2288, org.springframework.security.web.context.request.async.WebAsyncManagerIntegrationFilter@128fefae, org.springframework.security.web.context.SecurityContextPersistenceFilter@66ff6fc5, org.springframework.security.web.header.HeaderWriterFilter@713c2bb3, org.springframework.security.web.csrf.CsrfFilter@2636cf31, org.springframework.security.web.authentication.logout.LogoutFilter@25c3d573, org.springframework.security.web.savedrequest.RequestCacheAwareFilter@40c2679c, org.springframework.security.web.servletapi.SecurityContextHolderAwareRequestFilter@79005908, org.springframework.security.web.authentication.AnonymousAuthenticationFilter@12625d54, org.springframework.security.web.session.SessionManagementFilter@500dd941, org.springframework.security.web.access.ExceptionTranslationFilter@2490965d, org.springframework.security.web.access.intercept.FilterSecurityInterceptor@677594c]
2023-11-07 16:29:44.103 INFO  [restartedMain] [o.s.b.a.w.s.WelcomePageHandlerMapping] - Adding welcome page template: index
2023-11-07 16:29:44.255 INFO  [restartedMain] [o.s.b.d.a.OptionalLiveReloadServer] - LiveReload server is running on port 35729
2023-11-07 16:29:44.263 INFO  [restartedMain] [o.apache.coyote.http11.Http11NioProtocol] - Starting ProtocolHandler ["http-nio-8085"]
2023-11-07 16:29:44.273 INFO  [restartedMain] [o.s.b.w.embedded.tomcat.TomcatWebServer] - Tomcat started on port(s): 8085 (http) with context path ''
2023-11-07 16:29:44.279 INFO  [restartedMain] [com.shop.Pro05Application] - Started Pro05Application in 1.307 seconds (JVM running for 1.699)
2023-11-07 16:29:47.177 INFO  [http-nio-8085-exec-1] [o.a.c.c.C.[Tomcat].[localhost].[/]] - Initializing Spring DispatcherServlet 'dispatcherServlet'
2023-11-07 16:29:47.177 INFO  [http-nio-8085-exec-1] [o.s.web.servlet.DispatcherServlet] - Initializing Servlet 'dispatcherServlet'
2023-11-07 16:29:47.177 INFO  [http-nio-8085-exec-1] [o.s.web.servlet.DispatcherServlet] - Completed initialization in 0 ms
2023-11-07 16:30:28.882 INFO  [background-preinit] [o.h.validator.internal.util.Version] - HV000001: Hibernate Validator 6.2.5.Final
2023-11-07 16:30:28.885 INFO  [restartedMain] [com.shop.Pro05Application] - Starting Pro05Application using Java 17.0.7 on FULL8-017 with PID 8392 (D:\shin\springboot\pro05\build\classes\java\main started by db400tea in D:\shin\springboot\pro05)
2023-11-07 16:30:28.886 INFO  [restartedMain] [com.shop.Pro05Application] - No active profile set, falling back to 1 default profile: "default"
2023-11-07 16:30:29.046 INFO  [restartedMain] [o.s.b.d.e.DevToolsPropertyDefaultsPostProcessor] - Devtools property defaults active! Set 'spring.devtools.add-properties' to 'false' to disable
2023-11-07 16:30:29.047 INFO  [restartedMain] [o.s.b.d.e.DevToolsPropertyDefaultsPostProcessor] - For additional web related logging consider setting the 'logging.level.web' property to 'DEBUG'
2023-11-07 16:30:29.412 WARN  [restartedMain] [o.m.spring.mapper.ClassPathMapperScanner] - No MyBatis mapper was found in '[com.shop]' package. Please check your configuration.
2023-11-07 16:30:29.626 INFO  [restartedMain] [o.s.b.w.embedded.tomcat.TomcatWebServer] - Tomcat initialized with port(s): 8085 (http)
2023-11-07 16:30:29.631 INFO  [restartedMain] [o.apache.coyote.http11.Http11NioProtocol] - Initializing ProtocolHandler ["http-nio-8085"]
2023-11-07 16:30:29.631 INFO  [restartedMain] [org.apache.catalina.core.StandardService] - Starting service [Tomcat]
2023-11-07 16:30:29.631 INFO  [restartedMain] [org.apache.catalina.core.StandardEngine] - Starting Servlet engine: [Apache Tomcat/9.0.82]
2023-11-07 16:30:29.671 INFO  [restartedMain] [o.a.c.c.C.[Tomcat].[localhost].[/]] - Initializing Spring embedded WebApplicationContext
2023-11-07 16:30:29.671 INFO  [restartedMain] [o.s.b.w.s.c.ServletWebServerApplicationContext] - Root WebApplicationContext: initialization completed in 624 ms
2023-11-07 16:30:29.730 WARN  [restartedMain] [o.s.b.a.s.s.UserDetailsServiceAutoConfiguration] - 

Using generated security password: 60586aa3-300c-47b2-97b9-8f23d89bc35b

This generated password is for development use only. Your security configuration must be updated before running your application in production.

2023-11-07 16:30:29.781 INFO  [restartedMain] [o.s.s.web.DefaultSecurityFilterChain] - Will secure any request with [org.springframework.security.web.session.DisableEncodeUrlFilter@2ba803bc, org.springframework.security.web.context.request.async.WebAsyncManagerIntegrationFilter@493cfb5e, org.springframework.security.web.context.SecurityContextPersistenceFilter@32326dc5, org.springframework.security.web.header.HeaderWriterFilter@6a3154f1, org.springframework.security.web.csrf.CsrfFilter@50e0bf38, org.springframework.security.web.authentication.logout.LogoutFilter@3bea271, org.springframework.security.web.savedrequest.RequestCacheAwareFilter@44008c3e, org.springframework.security.web.servletapi.SecurityContextHolderAwareRequestFilter@338f4132, org.springframework.security.web.authentication.AnonymousAuthenticationFilter@5a2490b0, org.springframework.security.web.session.SessionManagementFilter@51b37713, org.springframework.security.web.access.ExceptionTranslationFilter@6c9743e9, org.springframework.security.web.access.intercept.FilterSecurityInterceptor@28fea292]
2023-11-07 16:30:29.864 INFO  [restartedMain] [o.s.b.a.w.s.WelcomePageHandlerMapping] - Adding welcome page template: index
2023-11-07 16:30:30.014 INFO  [restartedMain] [o.s.b.d.a.OptionalLiveReloadServer] - LiveReload server is running on port 35729
2023-11-07 16:30:30.023 INFO  [restartedMain] [o.apache.coyote.http11.Http11NioProtocol] - Starting ProtocolHandler ["http-nio-8085"]
2023-11-07 16:30:30.032 INFO  [restartedMain] [o.s.b.w.embedded.tomcat.TomcatWebServer] - Tomcat started on port(s): 8085 (http) with context path ''
2023-11-07 16:30:30.038 INFO  [restartedMain] [com.shop.Pro05Application] - Started Pro05Application in 1.322 seconds (JVM running for 1.707)
2023-11-07 16:30:30.230 INFO  [http-nio-8085-exec-1] [o.a.c.c.C.[Tomcat].[localhost].[/]] - Initializing Spring DispatcherServlet 'dispatcherServlet'
2023-11-07 16:30:30.230 INFO  [http-nio-8085-exec-1] [o.s.web.servlet.DispatcherServlet] - Initializing Servlet 'dispatcherServlet'
2023-11-07 16:30:30.230 INFO  [http-nio-8085-exec-1] [o.s.web.servlet.DispatcherServlet] - Completed initialization in 0 ms
2023-11-07 16:30:49.060 INFO  [restartedMain] [com.shop.Pro05Application] - Starting Pro05Application using Java 17.0.7 on FULL8-017 with PID 13356 (D:\shin\springboot\pro05\build\classes\java\main started by db400tea in D:\shin\springboot\pro05)
2023-11-07 16:30:49.064 INFO  [restartedMain] [com.shop.Pro05Application] - No active profile set, falling back to 1 default profile: "default"
2023-11-07 16:30:49.065 INFO  [background-preinit] [o.h.validator.internal.util.Version] - HV000001: Hibernate Validator 6.2.5.Final
2023-11-07 16:30:49.263 INFO  [restartedMain] [o.s.b.d.e.DevToolsPropertyDefaultsPostProcessor] - Devtools property defaults active! Set 'spring.devtools.add-properties' to 'false' to disable
2023-11-07 16:30:49.263 INFO  [restartedMain] [o.s.b.d.e.DevToolsPropertyDefaultsPostProcessor] - For additional web related logging consider setting the 'logging.level.web' property to 'DEBUG'
2023-11-07 16:30:49.786 WARN  [restartedMain] [o.m.spring.mapper.ClassPathMapperScanner] - No MyBatis mapper was found in '[com.shop]' package. Please check your configuration.
2023-11-07 16:30:50.063 INFO  [restartedMain] [o.s.b.w.embedded.tomcat.TomcatWebServer] - Tomcat initialized with port(s): 8085 (http)
2023-11-07 16:30:50.068 INFO  [restartedMain] [o.apache.coyote.http11.Http11NioProtocol] - Initializing ProtocolHandler ["http-nio-8085"]
2023-11-07 16:30:50.069 INFO  [restartedMain] [org.apache.catalina.core.StandardService] - Starting service [Tomcat]
2023-11-07 16:30:50.069 INFO  [restartedMain] [org.apache.catalina.core.StandardEngine] - Starting Servlet engine: [Apache Tomcat/9.0.82]
2023-11-07 16:30:50.114 INFO  [restartedMain] [o.a.c.c.C.[Tomcat].[localhost].[/]] - Initializing Spring embedded WebApplicationContext
2023-11-07 16:30:50.114 INFO  [restartedMain] [o.s.b.w.s.c.ServletWebServerApplicationContext] - Root WebApplicationContext: initialization completed in 851 ms
2023-11-07 16:30:50.182 WARN  [restartedMain] [o.s.b.a.s.s.UserDetailsServiceAutoConfiguration] - 

Using generated security password: 1af4b898-3022-49f3-a7c2-6d17121a729a

This generated password is for development use only. Your security configuration must be updated before running your application in production.

2023-11-07 16:30:50.258 INFO  [restartedMain] [o.s.s.web.DefaultSecurityFilterChain] - Will secure any request with [org.springframework.security.web.session.DisableEncodeUrlFilter@61d2fce0, org.springframework.security.web.context.request.async.WebAsyncManagerIntegrationFilter@2ce11cdf, org.springframework.security.web.context.SecurityContextPersistenceFilter@154095d5, org.springframework.security.web.header.HeaderWriterFilter@5886758a, org.springframework.security.web.csrf.CsrfFilter@77099877, org.springframework.security.web.authentication.logout.LogoutFilter@1392cbc0, org.springframework.security.web.savedrequest.RequestCacheAwareFilter@6f998ef8, org.springframework.security.web.servletapi.SecurityContextHolderAwareRequestFilter@345528c7, org.springframework.security.web.authentication.AnonymousAuthenticationFilter@5fc51070, org.springframework.security.web.session.SessionManagementFilter@511e48a7, org.springframework.security.web.access.ExceptionTranslationFilter@17d5d5d1, org.springframework.security.web.access.intercept.FilterSecurityInterceptor@36c2daff]
2023-11-07 16:30:50.452 INFO  [restartedMain] [o.s.b.a.w.s.WelcomePageHandlerMapping] - Adding welcome page template: index
2023-11-07 16:30:50.742 INFO  [restartedMain] [o.s.b.d.a.OptionalLiveReloadServer] - LiveReload server is running on port 35729
2023-11-07 16:30:50.760 INFO  [restartedMain] [o.apache.coyote.http11.Http11NioProtocol] - Starting ProtocolHandler ["http-nio-8085"]
2023-11-07 16:30:50.780 INFO  [restartedMain] [o.s.b.w.embedded.tomcat.TomcatWebServer] - Tomcat started on port(s): 8085 (http) with context path ''
2023-11-07 16:30:50.790 INFO  [restartedMain] [com.shop.Pro05Application] - Started Pro05Application in 1.995 seconds (JVM running for 2.473)
2023-11-07 16:30:50.911 INFO  [http-nio-8085-exec-1] [o.a.c.c.C.[Tomcat].[localhost].[/]] - Initializing Spring DispatcherServlet 'dispatcherServlet'
2023-11-07 16:30:50.912 INFO  [http-nio-8085-exec-1] [o.s.web.servlet.DispatcherServlet] - Initializing Servlet 'dispatcherServlet'
2023-11-07 16:30:50.913 INFO  [http-nio-8085-exec-1] [o.s.web.servlet.DispatcherServlet] - Completed initialization in 1 ms
2023-11-07 16:35:38.003 INFO  [background-preinit] [o.h.validator.internal.util.Version] - HV000001: Hibernate Validator 6.2.5.Final
2023-11-07 16:35:38.006 INFO  [restartedMain] [com.shop.Pro05Application] - Starting Pro05Application using Java 17.0.7 on FULL8-017 with PID 13524 (D:\shin\springboot\pro05\build\classes\java\main started by db400tea in D:\shin\springboot\pro05)
2023-11-07 16:35:38.007 INFO  [restartedMain] [com.shop.Pro05Application] - No active profile set, falling back to 1 default profile: "default"
2023-11-07 16:35:38.136 INFO  [restartedMain] [o.s.b.d.e.DevToolsPropertyDefaultsPostProcessor] - Devtools property defaults active! Set 'spring.devtools.add-properties' to 'false' to disable
2023-11-07 16:35:38.136 INFO  [restartedMain] [o.s.b.d.e.DevToolsPropertyDefaultsPostProcessor] - For additional web related logging consider setting the 'logging.level.web' property to 'DEBUG'
2023-11-07 16:35:38.469 WARN  [restartedMain] [o.m.spring.mapper.ClassPathMapperScanner] - No MyBatis mapper was found in '[com.shop]' package. Please check your configuration.
2023-11-07 16:35:38.680 INFO  [restartedMain] [o.s.b.w.embedded.tomcat.TomcatWebServer] - Tomcat initialized with port(s): 8085 (http)
2023-11-07 16:35:38.684 INFO  [restartedMain] [o.apache.coyote.http11.Http11NioProtocol] - Initializing ProtocolHandler ["http-nio-8085"]
2023-11-07 16:35:38.684 INFO  [restartedMain] [org.apache.catalina.core.StandardService] - Starting service [Tomcat]
2023-11-07 16:35:38.684 INFO  [restartedMain] [org.apache.catalina.core.StandardEngine] - Starting Servlet engine: [Apache Tomcat/9.0.82]
2023-11-07 16:35:38.725 INFO  [restartedMain] [o.a.c.c.C.[Tomcat].[localhost].[/]] - Initializing Spring embedded WebApplicationContext
2023-11-07 16:35:38.725 INFO  [restartedMain] [o.s.b.w.s.c.ServletWebServerApplicationContext] - Root WebApplicationContext: initialization completed in 589 ms
2023-11-07 16:35:38.783 WARN  [restartedMain] [o.s.b.a.s.s.UserDetailsServiceAutoConfiguration] - 

Using generated security password: c0b54d72-a512-4e82-9106-4b61e90e57c0

This generated password is for development use only. Your security configuration must be updated before running your application in production.

2023-11-07 16:35:38.830 INFO  [restartedMain] [o.s.s.web.DefaultSecurityFilterChain] - Will secure any request with [org.springframework.security.web.session.DisableEncodeUrlFilter@153d1665, org.springframework.security.web.context.request.async.WebAsyncManagerIntegrationFilter@5617be73, org.springframework.security.web.context.SecurityContextPersistenceFilter@1d9c7345, org.springframework.security.web.header.HeaderWriterFilter@c4ecbdd, org.springframework.security.web.csrf.CsrfFilter@1e60cced, org.springframework.security.web.authentication.logout.LogoutFilter@55412e64, org.springframework.security.web.savedrequest.RequestCacheAwareFilter@4e8af0ec, org.springframework.security.web.servletapi.SecurityContextHolderAwareRequestFilter@6a318389, org.springframework.security.web.authentication.AnonymousAuthenticationFilter@4b318424, org.springframework.security.web.session.SessionManagementFilter@49295cd, org.springframework.security.web.access.ExceptionTranslationFilter@5df5ad0c, org.springframework.security.web.access.intercept.FilterSecurityInterceptor@72da1c0a]
2023-11-07 16:35:38.918 INFO  [restartedMain] [o.s.b.a.w.s.WelcomePageHandlerMapping] - Adding welcome page template: index
2023-11-07 16:35:39.072 INFO  [restartedMain] [o.s.b.d.a.OptionalLiveReloadServer] - LiveReload server is running on port 35729
2023-11-07 16:35:39.082 INFO  [restartedMain] [o.apache.coyote.http11.Http11NioProtocol] - Starting ProtocolHandler ["http-nio-8085"]
2023-11-07 16:35:39.092 INFO  [restartedMain] [o.s.b.w.embedded.tomcat.TomcatWebServer] - Tomcat started on port(s): 8085 (http) with context path ''
2023-11-07 16:35:39.098 INFO  [restartedMain] [com.shop.Pro05Application] - Started Pro05Application in 1.257 seconds (JVM running for 1.727)
2023-11-07 16:35:41.940 INFO  [http-nio-8085-exec-1] [o.a.c.c.C.[Tomcat].[localhost].[/]] - Initializing Spring DispatcherServlet 'dispatcherServlet'
2023-11-07 16:35:41.940 INFO  [http-nio-8085-exec-1] [o.s.web.servlet.DispatcherServlet] - Initializing Servlet 'dispatcherServlet'
2023-11-07 16:35:41.940 INFO  [http-nio-8085-exec-1] [o.s.web.servlet.DispatcherServlet] - Completed initialization in 0 ms
2023-11-07 16:45:26.529 INFO  [background-preinit] [o.h.validator.internal.util.Version] - HV000001: Hibernate Validator 6.2.5.Final
2023-11-07 16:45:26.532 INFO  [restartedMain] [com.shop.Pro05Application] - Starting Pro05Application using Java 17.0.7 on FULL8-017 with PID 3036 (D:\shin\springboot\pro05\build\classes\java\main started by db400tea in D:\shin\springboot\pro05)
2023-11-07 16:45:26.533 INFO  [restartedMain] [com.shop.Pro05Application] - No active profile set, falling back to 1 default profile: "default"
2023-11-07 16:45:26.671 INFO  [restartedMain] [o.s.b.d.e.DevToolsPropertyDefaultsPostProcessor] - Devtools property defaults active! Set 'spring.devtools.add-properties' to 'false' to disable
2023-11-07 16:45:26.671 INFO  [restartedMain] [o.s.b.d.e.DevToolsPropertyDefaultsPostProcessor] - For additional web related logging consider setting the 'logging.level.web' property to 'DEBUG'
2023-11-07 16:45:27.014 WARN  [restartedMain] [o.m.spring.mapper.ClassPathMapperScanner] - No MyBatis mapper was found in '[com.shop]' package. Please check your configuration.
2023-11-07 16:45:27.239 INFO  [restartedMain] [o.s.b.w.embedded.tomcat.TomcatWebServer] - Tomcat initialized with port(s): 8085 (http)
2023-11-07 16:45:27.243 INFO  [restartedMain] [o.apache.coyote.http11.Http11NioProtocol] - Initializing ProtocolHandler ["http-nio-8085"]
2023-11-07 16:45:27.244 INFO  [restartedMain] [org.apache.catalina.core.StandardService] - Starting service [Tomcat]
2023-11-07 16:45:27.244 INFO  [restartedMain] [org.apache.catalina.core.StandardEngine] - Starting Servlet engine: [Apache Tomcat/9.0.82]
2023-11-07 16:45:27.285 INFO  [restartedMain] [o.a.c.c.C.[Tomcat].[localhost].[/]] - Initializing Spring embedded WebApplicationContext
2023-11-07 16:45:27.285 INFO  [restartedMain] [o.s.b.w.s.c.ServletWebServerApplicationContext] - Root WebApplicationContext: initialization completed in 613 ms
2023-11-07 16:45:27.337 WARN  [restartedMain] [o.s.b.a.s.s.UserDetailsServiceAutoConfiguration] - 

Using generated security password: 48260381-7921-4984-ad47-b32218679ff2

This generated password is for development use only. Your security configuration must be updated before running your application in production.

2023-11-07 16:45:27.386 INFO  [restartedMain] [o.s.s.web.DefaultSecurityFilterChain] - Will secure any request with [org.springframework.security.web.session.DisableEncodeUrlFilter@52152bff, org.springframework.security.web.context.request.async.WebAsyncManagerIntegrationFilter@54bd06da, org.springframework.security.web.context.SecurityContextPersistenceFilter@364d7bf0, org.springframework.security.web.header.HeaderWriterFilter@7c1e9b42, org.springframework.security.web.csrf.CsrfFilter@503b3a9c, org.springframework.security.web.authentication.logout.LogoutFilter@7f4e517b, org.springframework.security.web.savedrequest.RequestCacheAwareFilter@124a9dd6, org.springframework.security.web.servletapi.SecurityContextHolderAwareRequestFilter@30903402, org.springframework.security.web.authentication.AnonymousAuthenticationFilter@194758bb, org.springframework.security.web.session.SessionManagementFilter@6a9bf64d, org.springframework.security.web.access.ExceptionTranslationFilter@61aa9f1c, org.springframework.security.web.access.intercept.FilterSecurityInterceptor@764522e2]
2023-11-07 16:45:27.475 INFO  [restartedMain] [o.s.b.a.w.s.WelcomePageHandlerMapping] - Adding welcome page template: index
2023-11-07 16:45:27.633 INFO  [restartedMain] [o.s.b.d.a.OptionalLiveReloadServer] - LiveReload server is running on port 35729
2023-11-07 16:45:27.644 INFO  [restartedMain] [o.apache.coyote.http11.Http11NioProtocol] - Starting ProtocolHandler ["http-nio-8085"]
2023-11-07 16:45:27.654 INFO  [restartedMain] [o.s.b.w.embedded.tomcat.TomcatWebServer] - Tomcat started on port(s): 8085 (http) with context path ''
2023-11-07 16:45:27.660 INFO  [restartedMain] [com.shop.Pro05Application] - Started Pro05Application in 1.293 seconds (JVM running for 1.676)
2023-11-07 16:45:30.535 INFO  [http-nio-8085-exec-1] [o.a.c.c.C.[Tomcat].[localhost].[/]] - Initializing Spring DispatcherServlet 'dispatcherServlet'
2023-11-07 16:45:30.535 INFO  [http-nio-8085-exec-1] [o.s.web.servlet.DispatcherServlet] - Initializing Servlet 'dispatcherServlet'
2023-11-07 16:45:30.536 INFO  [http-nio-8085-exec-1] [o.s.web.servlet.DispatcherServlet] - Completed initialization in 1 ms
2023-11-07 16:46:03.494 INFO  [background-preinit] [o.h.validator.internal.util.Version] - HV000001: Hibernate Validator 6.2.5.Final
2023-11-07 16:46:03.501 INFO  [restartedMain] [com.shop.Pro05Application] - Starting Pro05Application using Java 17.0.7 on FULL8-017 with PID 9356 (D:\shin\springboot\pro05\build\classes\java\main started by db400tea in D:\shin\springboot\pro05)
2023-11-07 16:46:03.502 INFO  [restartedMain] [com.shop.Pro05Application] - No active profile set, falling back to 1 default profile: "default"
2023-11-07 16:46:03.661 INFO  [restartedMain] [o.s.b.d.e.DevToolsPropertyDefaultsPostProcessor] - Devtools property defaults active! Set 'spring.devtools.add-properties' to 'false' to disable
2023-11-07 16:46:03.662 INFO  [restartedMain] [o.s.b.d.e.DevToolsPropertyDefaultsPostProcessor] - For additional web related logging consider setting the 'logging.level.web' property to 'DEBUG'
2023-11-07 16:46:04.027 WARN  [restartedMain] [o.m.spring.mapper.ClassPathMapperScanner] - No MyBatis mapper was found in '[com.shop]' package. Please check your configuration.
2023-11-07 16:46:04.243 INFO  [restartedMain] [o.s.b.w.embedded.tomcat.TomcatWebServer] - Tomcat initialized with port(s): 8085 (http)
2023-11-07 16:46:04.248 INFO  [restartedMain] [o.apache.coyote.http11.Http11NioProtocol] - Initializing ProtocolHandler ["http-nio-8085"]
2023-11-07 16:46:04.249 INFO  [restartedMain] [org.apache.catalina.core.StandardService] - Starting service [Tomcat]
2023-11-07 16:46:04.249 INFO  [restartedMain] [org.apache.catalina.core.StandardEngine] - Starting Servlet engine: [Apache Tomcat/9.0.82]
2023-11-07 16:46:04.290 INFO  [restartedMain] [o.a.c.c.C.[Tomcat].[localhost].[/]] - Initializing Spring embedded WebApplicationContext
2023-11-07 16:46:04.290 INFO  [restartedMain] [o.s.b.w.s.c.ServletWebServerApplicationContext] - Root WebApplicationContext: initialization completed in 628 ms
2023-11-07 16:46:04.344 WARN  [restartedMain] [o.s.b.a.s.s.UserDetailsServiceAutoConfiguration] - 

Using generated security password: 9bfd9809-ddc6-4875-afc3-355a2d1cc616

This generated password is for development use only. Your security configuration must be updated before running your application in production.

2023-11-07 16:46:04.395 INFO  [restartedMain] [o.s.s.web.DefaultSecurityFilterChain] - Will secure any request with [org.springframework.security.web.session.DisableEncodeUrlFilter@11ede669, org.springframework.security.web.context.request.async.WebAsyncManagerIntegrationFilter@384bee4d, org.springframework.security.web.context.SecurityContextPersistenceFilter@11b36bdb, org.springframework.security.web.header.HeaderWriterFilter@51126cb5, org.springframework.security.web.csrf.CsrfFilter@d42d18f, org.springframework.security.web.authentication.logout.LogoutFilter@15e5bd9e, org.springframework.security.web.savedrequest.RequestCacheAwareFilter@9df796, org.springframework.security.web.servletapi.SecurityContextHolderAwareRequestFilter@59b4832e, org.springframework.security.web.authentication.AnonymousAuthenticationFilter@295bc7a3, org.springframework.security.web.session.SessionManagementFilter@781ff53f, org.springframework.security.web.access.ExceptionTranslationFilter@1356f86f, org.springframework.security.web.access.intercept.FilterSecurityInterceptor@1381c473]
2023-11-07 16:46:04.488 INFO  [restartedMain] [o.s.b.a.w.s.WelcomePageHandlerMapping] - Adding welcome page template: index
2023-11-07 16:46:04.645 INFO  [restartedMain] [o.s.b.d.a.OptionalLiveReloadServer] - LiveReload server is running on port 35729
2023-11-07 16:46:04.654 INFO  [restartedMain] [o.apache.coyote.http11.Http11NioProtocol] - Starting ProtocolHandler ["http-nio-8085"]
2023-11-07 16:46:04.664 INFO  [restartedMain] [o.s.b.w.embedded.tomcat.TomcatWebServer] - Tomcat started on port(s): 8085 (http) with context path ''
2023-11-07 16:46:04.671 INFO  [restartedMain] [com.shop.Pro05Application] - Started Pro05Application in 1.365 seconds (JVM running for 1.784)
2023-11-07 16:46:05.604 INFO  [http-nio-8085-exec-1] [o.a.c.c.C.[Tomcat].[localhost].[/]] - Initializing Spring DispatcherServlet 'dispatcherServlet'
2023-11-07 16:46:05.604 INFO  [http-nio-8085-exec-1] [o.s.web.servlet.DispatcherServlet] - Initializing Servlet 'dispatcherServlet'
2023-11-07 16:46:05.604 INFO  [http-nio-8085-exec-1] [o.s.web.servlet.DispatcherServlet] - Completed initialization in 0 ms
2023-11-07 16:46:21.686 INFO  [background-preinit] [o.h.validator.internal.util.Version] - HV000001: Hibernate Validator 6.2.5.Final
2023-11-07 16:46:21.689 INFO  [restartedMain] [com.shop.Pro05Application] - Starting Pro05Application using Java 17.0.7 on FULL8-017 with PID 3520 (D:\shin\springboot\pro05\build\classes\java\main started by db400tea in D:\shin\springboot\pro05)
2023-11-07 16:46:21.690 INFO  [restartedMain] [com.shop.Pro05Application] - No active profile set, falling back to 1 default profile: "default"
2023-11-07 16:46:21.827 INFO  [restartedMain] [o.s.b.d.e.DevToolsPropertyDefaultsPostProcessor] - Devtools property defaults active! Set 'spring.devtools.add-properties' to 'false' to disable
2023-11-07 16:46:21.827 INFO  [restartedMain] [o.s.b.d.e.DevToolsPropertyDefaultsPostProcessor] - For additional web related logging consider setting the 'logging.level.web' property to 'DEBUG'
2023-11-07 16:46:22.183 WARN  [restartedMain] [o.m.spring.mapper.ClassPathMapperScanner] - No MyBatis mapper was found in '[com.shop]' package. Please check your configuration.
2023-11-07 16:46:22.405 INFO  [restartedMain] [o.s.b.w.embedded.tomcat.TomcatWebServer] - Tomcat initialized with port(s): 8085 (http)
2023-11-07 16:46:22.410 INFO  [restartedMain] [o.apache.coyote.http11.Http11NioProtocol] - Initializing ProtocolHandler ["http-nio-8085"]
2023-11-07 16:46:22.411 INFO  [restartedMain] [org.apache.catalina.core.StandardService] - Starting service [Tomcat]
2023-11-07 16:46:22.411 INFO  [restartedMain] [org.apache.catalina.core.StandardEngine] - Starting Servlet engine: [Apache Tomcat/9.0.82]
2023-11-07 16:46:22.452 INFO  [restartedMain] [o.a.c.c.C.[Tomcat].[localhost].[/]] - Initializing Spring embedded WebApplicationContext
2023-11-07 16:46:22.452 INFO  [restartedMain] [o.s.b.w.s.c.ServletWebServerApplicationContext] - Root WebApplicationContext: initialization completed in 625 ms
2023-11-07 16:46:22.508 WARN  [restartedMain] [o.s.b.a.s.s.UserDetailsServiceAutoConfiguration] - 

Using generated security password: f3eaf8ef-534e-408e-a84a-5c733ac0d343

This generated password is for development use only. Your security configuration must be updated before running your application in production.

2023-11-07 16:46:22.558 INFO  [restartedMain] [o.s.s.web.DefaultSecurityFilterChain] - Will secure any request with [org.springframework.security.web.session.DisableEncodeUrlFilter@4e90d7dd, org.springframework.security.web.context.request.async.WebAsyncManagerIntegrationFilter@72f4a4bc, org.springframework.security.web.context.SecurityContextPersistenceFilter@7b902a33, org.springframework.security.web.header.HeaderWriterFilter@1a43e419, org.springframework.security.web.csrf.CsrfFilter@42813163, org.springframework.security.web.authentication.logout.LogoutFilter@175b3053, org.springframework.security.web.savedrequest.RequestCacheAwareFilter@d9d7cf4, org.springframework.security.web.servletapi.SecurityContextHolderAwareRequestFilter@ec3fee8, org.springframework.security.web.authentication.AnonymousAuthenticationFilter@5c53956, org.springframework.security.web.session.SessionManagementFilter@32bb6906, org.springframework.security.web.access.ExceptionTranslationFilter@22f3a152, org.springframework.security.web.access.intercept.FilterSecurityInterceptor@57452f6b]
2023-11-07 16:46:22.653 INFO  [restartedMain] [o.s.b.a.w.s.WelcomePageHandlerMapping] - Adding welcome page template: index
2023-11-07 16:46:22.810 INFO  [restartedMain] [o.s.b.d.a.OptionalLiveReloadServer] - LiveReload server is running on port 35729
2023-11-07 16:46:22.819 INFO  [restartedMain] [o.apache.coyote.http11.Http11NioProtocol] - Starting ProtocolHandler ["http-nio-8085"]
2023-11-07 16:46:22.829 INFO  [restartedMain] [o.s.b.w.embedded.tomcat.TomcatWebServer] - Tomcat started on port(s): 8085 (http) with context path ''
2023-11-07 16:46:22.835 INFO  [restartedMain] [com.shop.Pro05Application] - Started Pro05Application in 1.324 seconds (JVM running for 1.732)
2023-11-07 16:46:23.009 INFO  [http-nio-8085-exec-1] [o.a.c.c.C.[Tomcat].[localhost].[/]] - Initializing Spring DispatcherServlet 'dispatcherServlet'
2023-11-07 16:46:23.009 INFO  [http-nio-8085-exec-1] [o.s.web.servlet.DispatcherServlet] - Initializing Servlet 'dispatcherServlet'
2023-11-07 16:46:23.010 INFO  [http-nio-8085-exec-1] [o.s.web.servlet.DispatcherServlet] - Completed initialization in 1 ms
2023-11-07 16:50:28.394 INFO  [background-preinit] [o.h.validator.internal.util.Version] - HV000001: Hibernate Validator 6.2.5.Final
2023-11-07 16:50:28.394 INFO  [restartedMain] [com.shop.Pro05Application] - Starting Pro05Application using Java 17.0.7 on FULL8-017 with PID 9492 (D:\shin\springboot\pro05\build\classes\java\main started by db400tea in D:\shin\springboot\pro05)
2023-11-07 16:50:28.396 INFO  [restartedMain] [com.shop.Pro05Application] - No active profile set, falling back to 1 default profile: "default"
2023-11-07 16:50:28.531 INFO  [restartedMain] [o.s.b.d.e.DevToolsPropertyDefaultsPostProcessor] - Devtools property defaults active! Set 'spring.devtools.add-properties' to 'false' to disable
2023-11-07 16:50:28.531 INFO  [restartedMain] [o.s.b.d.e.DevToolsPropertyDefaultsPostProcessor] - For additional web related logging consider setting the 'logging.level.web' property to 'DEBUG'
2023-11-07 16:50:28.879 WARN  [restartedMain] [o.m.spring.mapper.ClassPathMapperScanner] - No MyBatis mapper was found in '[com.shop]' package. Please check your configuration.
2023-11-07 16:50:29.094 INFO  [restartedMain] [o.s.b.w.embedded.tomcat.TomcatWebServer] - Tomcat initialized with port(s): 8085 (http)
2023-11-07 16:50:29.099 INFO  [restartedMain] [o.apache.coyote.http11.Http11NioProtocol] - Initializing ProtocolHandler ["http-nio-8085"]
2023-11-07 16:50:29.100 INFO  [restartedMain] [org.apache.catalina.core.StandardService] - Starting service [Tomcat]
2023-11-07 16:50:29.100 INFO  [restartedMain] [org.apache.catalina.core.StandardEngine] - Starting Servlet engine: [Apache Tomcat/9.0.82]
2023-11-07 16:50:29.141 INFO  [restartedMain] [o.a.c.c.C.[Tomcat].[localhost].[/]] - Initializing Spring embedded WebApplicationContext
2023-11-07 16:50:29.141 INFO  [restartedMain] [o.s.b.w.s.c.ServletWebServerApplicationContext] - Root WebApplicationContext: initialization completed in 610 ms
2023-11-07 16:50:29.194 WARN  [restartedMain] [o.s.b.a.s.s.UserDetailsServiceAutoConfiguration] - 

Using generated security password: 36635532-0a6e-4e27-9cbf-a1a37207cdbd

This generated password is for development use only. Your security configuration must be updated before running your application in production.

2023-11-07 16:50:29.243 INFO  [restartedMain] [o.s.s.web.DefaultSecurityFilterChain] - Will secure any request with [org.springframework.security.web.session.DisableEncodeUrlFilter@14fe9126, org.springframework.security.web.context.request.async.WebAsyncManagerIntegrationFilter@5a124941, org.springframework.security.web.context.SecurityContextPersistenceFilter@6c3187e2, org.springframework.security.web.header.HeaderWriterFilter@2e6f4d7a, org.springframework.security.web.csrf.CsrfFilter@5c24ad38, org.springframework.security.web.authentication.logout.LogoutFilter@6a3154f1, org.springframework.security.web.savedrequest.RequestCacheAwareFilter@5a01ad51, org.springframework.security.web.servletapi.SecurityContextHolderAwareRequestFilter@5b4955d7, org.springframework.security.web.authentication.AnonymousAuthenticationFilter@36a6b75a, org.springframework.security.web.session.SessionManagementFilter@487cc1da, org.springframework.security.web.access.ExceptionTranslationFilter@660f3851, org.springframework.security.web.access.intercept.FilterSecurityInterceptor@6ee1a793]
2023-11-07 16:50:29.333 INFO  [restartedMain] [o.s.b.a.w.s.WelcomePageHandlerMapping] - Adding welcome page template: index
2023-11-07 16:50:29.489 INFO  [restartedMain] [o.s.b.d.a.OptionalLiveReloadServer] - LiveReload server is running on port 35729
2023-11-07 16:50:29.498 INFO  [restartedMain] [o.apache.coyote.http11.Http11NioProtocol] - Starting ProtocolHandler ["http-nio-8085"]
2023-11-07 16:50:29.507 INFO  [restartedMain] [o.s.b.w.embedded.tomcat.TomcatWebServer] - Tomcat started on port(s): 8085 (http) with context path ''
2023-11-07 16:50:29.514 INFO  [restartedMain] [com.shop.Pro05Application] - Started Pro05Application in 1.286 seconds (JVM running for 1.671)
2023-11-07 16:50:29.534 INFO  [http-nio-8085-exec-1] [o.a.c.c.C.[Tomcat].[localhost].[/]] - Initializing Spring DispatcherServlet 'dispatcherServlet'
2023-11-07 16:50:29.534 INFO  [http-nio-8085-exec-1] [o.s.web.servlet.DispatcherServlet] - Initializing Servlet 'dispatcherServlet'
2023-11-07 16:50:29.535 INFO  [http-nio-8085-exec-1] [o.s.web.servlet.DispatcherServlet] - Completed initialization in 0 ms
2023-11-07 16:50:59.000 INFO  [background-preinit] [o.h.validator.internal.util.Version] - HV000001: Hibernate Validator 6.2.5.Final
2023-11-07 16:50:59.006 INFO  [restartedMain] [com.shop.Pro05Application] - Starting Pro05Application using Java 17.0.7 on FULL8-017 with PID 5472 (D:\shin\springboot\pro05\build\classes\java\main started by db400tea in D:\shin\springboot\pro05)
2023-11-07 16:50:59.007 INFO  [restartedMain] [com.shop.Pro05Application] - No active profile set, falling back to 1 default profile: "default"
2023-11-07 16:50:59.173 INFO  [restartedMain] [o.s.b.d.e.DevToolsPropertyDefaultsPostProcessor] - Devtools property defaults active! Set 'spring.devtools.add-properties' to 'false' to disable
2023-11-07 16:50:59.173 INFO  [restartedMain] [o.s.b.d.e.DevToolsPropertyDefaultsPostProcessor] - For additional web related logging consider setting the 'logging.level.web' property to 'DEBUG'
2023-11-07 16:50:59.540 WARN  [restartedMain] [o.m.spring.mapper.ClassPathMapperScanner] - No MyBatis mapper was found in '[com.shop]' package. Please check your configuration.
2023-11-07 16:50:59.769 INFO  [restartedMain] [o.s.b.w.embedded.tomcat.TomcatWebServer] - Tomcat initialized with port(s): 8085 (http)
2023-11-07 16:50:59.774 INFO  [restartedMain] [o.apache.coyote.http11.Http11NioProtocol] - Initializing ProtocolHandler ["http-nio-8085"]
2023-11-07 16:50:59.775 INFO  [restartedMain] [org.apache.catalina.core.StandardService] - Starting service [Tomcat]
2023-11-07 16:50:59.775 INFO  [restartedMain] [org.apache.catalina.core.StandardEngine] - Starting Servlet engine: [Apache Tomcat/9.0.82]
2023-11-07 16:50:59.819 INFO  [restartedMain] [o.a.c.c.C.[Tomcat].[localhost].[/]] - Initializing Spring embedded WebApplicationContext
2023-11-07 16:50:59.819 INFO  [restartedMain] [o.s.b.w.s.c.ServletWebServerApplicationContext] - Root WebApplicationContext: initialization completed in 646 ms
2023-11-07 16:50:59.875 WARN  [restartedMain] [o.s.b.a.s.s.UserDetailsServiceAutoConfiguration] - 

Using generated security password: d1bd3e2d-0bae-482f-a33b-8e03e37c5eec

This generated password is for development use only. Your security configuration must be updated before running your application in production.

2023-11-07 16:50:59.923 INFO  [restartedMain] [o.s.s.web.DefaultSecurityFilterChain] - Will secure any request with [org.springframework.security.web.session.DisableEncodeUrlFilter@4e90d7dd, org.springframework.security.web.context.request.async.WebAsyncManagerIntegrationFilter@72f4a4bc, org.springframework.security.web.context.SecurityContextPersistenceFilter@7b902a33, org.springframework.security.web.header.HeaderWriterFilter@1a43e419, org.springframework.security.web.csrf.CsrfFilter@42813163, org.springframework.security.web.authentication.logout.LogoutFilter@175b3053, org.springframework.security.web.savedrequest.RequestCacheAwareFilter@d9d7cf4, org.springframework.security.web.servletapi.SecurityContextHolderAwareRequestFilter@ec3fee8, org.springframework.security.web.authentication.AnonymousAuthenticationFilter@5c53956, org.springframework.security.web.session.SessionManagementFilter@32bb6906, org.springframework.security.web.access.ExceptionTranslationFilter@22f3a152, org.springframework.security.web.access.intercept.FilterSecurityInterceptor@57452f6b]
2023-11-07 16:51:00.009 INFO  [restartedMain] [o.s.b.a.w.s.WelcomePageHandlerMapping] - Adding welcome page template: index
2023-11-07 16:51:00.173 INFO  [restartedMain] [o.s.b.d.a.OptionalLiveReloadServer] - LiveReload server is running on port 35729
2023-11-07 16:51:00.182 INFO  [restartedMain] [o.apache.coyote.http11.Http11NioProtocol] - Starting ProtocolHandler ["http-nio-8085"]
2023-11-07 16:51:00.192 INFO  [restartedMain] [o.s.b.w.embedded.tomcat.TomcatWebServer] - Tomcat started on port(s): 8085 (http) with context path ''
2023-11-07 16:51:00.199 INFO  [restartedMain] [com.shop.Pro05Application] - Started Pro05Application in 1.432 seconds (JVM running for 1.901)
2023-11-07 16:51:04.203 INFO  [http-nio-8085-exec-1] [o.a.c.c.C.[Tomcat].[localhost].[/]] - Initializing Spring DispatcherServlet 'dispatcherServlet'
2023-11-07 16:51:04.204 INFO  [http-nio-8085-exec-1] [o.s.web.servlet.DispatcherServlet] - Initializing Servlet 'dispatcherServlet'
2023-11-07 16:51:04.204 INFO  [http-nio-8085-exec-1] [o.s.web.servlet.DispatcherServlet] - Completed initialization in 0 ms
2023-11-07 16:51:22.397 INFO  [background-preinit] [o.h.validator.internal.util.Version] - HV000001: Hibernate Validator 6.2.5.Final
2023-11-07 16:51:22.402 INFO  [restartedMain] [com.shop.Pro05Application] - Starting Pro05Application using Java 17.0.7 on FULL8-017 with PID 4560 (D:\shin\springboot\pro05\build\classes\java\main started by db400tea in D:\shin\springboot\pro05)
2023-11-07 16:51:22.403 INFO  [restartedMain] [com.shop.Pro05Application] - No active profile set, falling back to 1 default profile: "default"
2023-11-07 16:51:22.566 INFO  [restartedMain] [o.s.b.d.e.DevToolsPropertyDefaultsPostProcessor] - Devtools property defaults active! Set 'spring.devtools.add-properties' to 'false' to disable
2023-11-07 16:51:22.566 INFO  [restartedMain] [o.s.b.d.e.DevToolsPropertyDefaultsPostProcessor] - For additional web related logging consider setting the 'logging.level.web' property to 'DEBUG'
2023-11-07 16:51:22.900 WARN  [restartedMain] [o.m.spring.mapper.ClassPathMapperScanner] - No MyBatis mapper was found in '[com.shop]' package. Please check your configuration.
2023-11-07 16:51:23.108 INFO  [restartedMain] [o.s.b.w.embedded.tomcat.TomcatWebServer] - Tomcat initialized with port(s): 8085 (http)
2023-11-07 16:51:23.113 INFO  [restartedMain] [o.apache.coyote.http11.Http11NioProtocol] - Initializing ProtocolHandler ["http-nio-8085"]
2023-11-07 16:51:23.114 INFO  [restartedMain] [org.apache.catalina.core.StandardService] - Starting service [Tomcat]
2023-11-07 16:51:23.114 INFO  [restartedMain] [org.apache.catalina.core.StandardEngine] - Starting Servlet engine: [Apache Tomcat/9.0.82]
2023-11-07 16:51:23.154 INFO  [restartedMain] [o.a.c.c.C.[Tomcat].[localhost].[/]] - Initializing Spring embedded WebApplicationContext
2023-11-07 16:51:23.154 INFO  [restartedMain] [o.s.b.w.s.c.ServletWebServerApplicationContext] - Root WebApplicationContext: initialization completed in 587 ms
2023-11-07 16:51:23.207 WARN  [restartedMain] [o.s.b.a.s.s.UserDetailsServiceAutoConfiguration] - 

Using generated security password: 22146763-7b91-46c2-9381-1c166cc2542d

This generated password is for development use only. Your security configuration must be updated before running your application in production.

2023-11-07 16:51:23.256 INFO  [restartedMain] [o.s.s.web.DefaultSecurityFilterChain] - Will secure any request with [org.springframework.security.web.session.DisableEncodeUrlFilter@1d7fb031, org.springframework.security.web.context.request.async.WebAsyncManagerIntegrationFilter@857662b, org.springframework.security.web.context.SecurityContextPersistenceFilter@6627046c, org.springframework.security.web.header.HeaderWriterFilter@67b063b7, org.springframework.security.web.csrf.CsrfFilter@7cb727bc, org.springframework.security.web.authentication.logout.LogoutFilter@4aeb2758, org.springframework.security.web.savedrequest.RequestCacheAwareFilter@3ff341e4, org.springframework.security.web.servletapi.SecurityContextHolderAwareRequestFilter@78d2376b, org.springframework.security.web.authentication.AnonymousAuthenticationFilter@7590cdb6, org.springframework.security.web.session.SessionManagementFilter@6c6bd502, org.springframework.security.web.access.ExceptionTranslationFilter@7f855f37, org.springframework.security.web.access.intercept.FilterSecurityInterceptor@52e5fd22]
2023-11-07 16:51:23.346 INFO  [restartedMain] [o.s.b.a.w.s.WelcomePageHandlerMapping] - Adding welcome page template: index
2023-11-07 16:51:23.498 INFO  [restartedMain] [o.s.b.d.a.OptionalLiveReloadServer] - LiveReload server is running on port 35729
2023-11-07 16:51:23.508 INFO  [restartedMain] [o.apache.coyote.http11.Http11NioProtocol] - Starting ProtocolHandler ["http-nio-8085"]
2023-11-07 16:51:23.517 INFO  [restartedMain] [o.s.b.w.embedded.tomcat.TomcatWebServer] - Tomcat started on port(s): 8085 (http) with context path ''
2023-11-07 16:51:23.523 INFO  [restartedMain] [com.shop.Pro05Application] - Started Pro05Application in 1.291 seconds (JVM running for 1.723)
2023-11-07 16:51:23.590 INFO  [http-nio-8085-exec-1] [o.a.c.c.C.[Tomcat].[localhost].[/]] - Initializing Spring DispatcherServlet 'dispatcherServlet'
2023-11-07 16:51:23.590 INFO  [http-nio-8085-exec-1] [o.s.web.servlet.DispatcherServlet] - Initializing Servlet 'dispatcherServlet'
2023-11-07 16:51:23.591 INFO  [http-nio-8085-exec-1] [o.s.web.servlet.DispatcherServlet] - Completed initialization in 1 ms
2023-11-07 16:51:39.570 INFO  [background-preinit] [o.h.validator.internal.util.Version] - HV000001: Hibernate Validator 6.2.5.Final
2023-11-07 16:51:39.573 INFO  [restartedMain] [com.shop.Pro05Application] - Starting Pro05Application using Java 17.0.7 on FULL8-017 with PID 12776 (D:\shin\springboot\pro05\build\classes\java\main started by db400tea in D:\shin\springboot\pro05)
2023-11-07 16:51:39.573 INFO  [restartedMain] [com.shop.Pro05Application] - No active profile set, falling back to 1 default profile: "default"
2023-11-07 16:51:39.698 INFO  [restartedMain] [o.s.b.d.e.DevToolsPropertyDefaultsPostProcessor] - Devtools property defaults active! Set 'spring.devtools.add-properties' to 'false' to disable
2023-11-07 16:51:39.698 INFO  [restartedMain] [o.s.b.d.e.DevToolsPropertyDefaultsPostProcessor] - For additional web related logging consider setting the 'logging.level.web' property to 'DEBUG'
2023-11-07 16:51:40.034 WARN  [restartedMain] [o.m.spring.mapper.ClassPathMapperScanner] - No MyBatis mapper was found in '[com.shop]' package. Please check your configuration.
2023-11-07 16:51:40.243 INFO  [restartedMain] [o.s.b.w.embedded.tomcat.TomcatWebServer] - Tomcat initialized with port(s): 8085 (http)
2023-11-07 16:51:40.247 INFO  [restartedMain] [o.apache.coyote.http11.Http11NioProtocol] - Initializing ProtocolHandler ["http-nio-8085"]
2023-11-07 16:51:40.248 INFO  [restartedMain] [org.apache.catalina.core.StandardService] - Starting service [Tomcat]
2023-11-07 16:51:40.248 INFO  [restartedMain] [org.apache.catalina.core.StandardEngine] - Starting Servlet engine: [Apache Tomcat/9.0.82]
2023-11-07 16:51:40.289 INFO  [restartedMain] [o.a.c.c.C.[Tomcat].[localhost].[/]] - Initializing Spring embedded WebApplicationContext
2023-11-07 16:51:40.290 INFO  [restartedMain] [o.s.b.w.s.c.ServletWebServerApplicationContext] - Root WebApplicationContext: initialization completed in 591 ms
2023-11-07 16:51:40.342 WARN  [restartedMain] [o.s.b.a.s.s.UserDetailsServiceAutoConfiguration] - 

Using generated security password: 5f0f19bb-e702-424f-876a-32336fac71a6

This generated password is for development use only. Your security configuration must be updated before running your application in production.

2023-11-07 16:51:40.390 INFO  [restartedMain] [o.s.s.web.DefaultSecurityFilterChain] - Will secure any request with [org.springframework.security.web.session.DisableEncodeUrlFilter@1d7fb031, org.springframework.security.web.context.request.async.WebAsyncManagerIntegrationFilter@857662b, org.springframework.security.web.context.SecurityContextPersistenceFilter@6627046c, org.springframework.security.web.header.HeaderWriterFilter@67b063b7, org.springframework.security.web.csrf.CsrfFilter@7cb727bc, org.springframework.security.web.authentication.logout.LogoutFilter@4aeb2758, org.springframework.security.web.savedrequest.RequestCacheAwareFilter@3ff341e4, org.springframework.security.web.servletapi.SecurityContextHolderAwareRequestFilter@78d2376b, org.springframework.security.web.authentication.AnonymousAuthenticationFilter@7590cdb6, org.springframework.security.web.session.SessionManagementFilter@6c6bd502, org.springframework.security.web.access.ExceptionTranslationFilter@7f855f37, org.springframework.security.web.access.intercept.FilterSecurityInterceptor@52e5fd22]
2023-11-07 16:51:40.476 INFO  [restartedMain] [o.s.b.a.w.s.WelcomePageHandlerMapping] - Adding welcome page template: index
2023-11-07 16:51:40.625 INFO  [restartedMain] [o.s.b.d.a.OptionalLiveReloadServer] - LiveReload server is running on port 35729
2023-11-07 16:51:40.634 INFO  [restartedMain] [o.apache.coyote.http11.Http11NioProtocol] - Starting ProtocolHandler ["http-nio-8085"]
2023-11-07 16:51:40.643 INFO  [restartedMain] [o.s.b.w.embedded.tomcat.TomcatWebServer] - Tomcat started on port(s): 8085 (http) with context path ''
2023-11-07 16:51:40.649 INFO  [restartedMain] [com.shop.Pro05Application] - Started Pro05Application in 1.236 seconds (JVM running for 1.597)
2023-11-07 16:51:47.328 INFO  [http-nio-8085-exec-1] [o.a.c.c.C.[Tomcat].[localhost].[/]] - Initializing Spring DispatcherServlet 'dispatcherServlet'
2023-11-07 16:51:47.328 INFO  [http-nio-8085-exec-1] [o.s.web.servlet.DispatcherServlet] - Initializing Servlet 'dispatcherServlet'
2023-11-07 16:51:47.328 INFO  [http-nio-8085-exec-1] [o.s.web.servlet.DispatcherServlet] - Completed initialization in 0 ms
2023-11-07 16:53:16.646 INFO  [background-preinit] [o.h.validator.internal.util.Version] - HV000001: Hibernate Validator 6.2.5.Final
2023-11-07 16:53:16.650 INFO  [restartedMain] [com.shop.Pro05Application] - Starting Pro05Application using Java 17.0.7 on FULL8-017 with PID 15912 (D:\shin\springboot\pro05\build\classes\java\main started by db400tea in D:\shin\springboot\pro05)
2023-11-07 16:53:16.650 INFO  [restartedMain] [com.shop.Pro05Application] - No active profile set, falling back to 1 default profile: "default"
2023-11-07 16:53:16.790 INFO  [restartedMain] [o.s.b.d.e.DevToolsPropertyDefaultsPostProcessor] - Devtools property defaults active! Set 'spring.devtools.add-properties' to 'false' to disable
2023-11-07 16:53:16.790 INFO  [restartedMain] [o.s.b.d.e.DevToolsPropertyDefaultsPostProcessor] - For additional web related logging consider setting the 'logging.level.web' property to 'DEBUG'
2023-11-07 16:53:17.138 WARN  [restartedMain] [o.m.spring.mapper.ClassPathMapperScanner] - No MyBatis mapper was found in '[com.shop]' package. Please check your configuration.
2023-11-07 16:53:17.361 INFO  [restartedMain] [o.s.b.w.embedded.tomcat.TomcatWebServer] - Tomcat initialized with port(s): 8085 (http)
2023-11-07 16:53:17.366 INFO  [restartedMain] [o.apache.coyote.http11.Http11NioProtocol] - Initializing ProtocolHandler ["http-nio-8085"]
2023-11-07 16:53:17.367 INFO  [restartedMain] [org.apache.catalina.core.StandardService] - Starting service [Tomcat]
2023-11-07 16:53:17.367 INFO  [restartedMain] [org.apache.catalina.core.StandardEngine] - Starting Servlet engine: [Apache Tomcat/9.0.82]
2023-11-07 16:53:17.408 INFO  [restartedMain] [o.a.c.c.C.[Tomcat].[localhost].[/]] - Initializing Spring embedded WebApplicationContext
2023-11-07 16:53:17.409 INFO  [restartedMain] [o.s.b.w.s.c.ServletWebServerApplicationContext] - Root WebApplicationContext: initialization completed in 618 ms
2023-11-07 16:53:17.464 WARN  [restartedMain] [o.s.b.a.s.s.UserDetailsServiceAutoConfiguration] - 

Using generated security password: 5865a42c-a099-4f02-b48f-e464cee40dea

This generated password is for development use only. Your security configuration must be updated before running your application in production.

2023-11-07 16:53:17.513 INFO  [restartedMain] [o.s.s.web.DefaultSecurityFilterChain] - Will secure any request with [org.springframework.security.web.session.DisableEncodeUrlFilter@57452f6b, org.springframework.security.web.context.request.async.WebAsyncManagerIntegrationFilter@1b8bfdcc, org.springframework.security.web.context.SecurityContextPersistenceFilter@7b6d0a56, org.springframework.security.web.header.HeaderWriterFilter@23c96773, org.springframework.security.web.csrf.CsrfFilter@65fcc79, org.springframework.security.web.authentication.logout.LogoutFilter@57e14151, org.springframework.security.web.savedrequest.RequestCacheAwareFilter@74c941d2, org.springframework.security.web.servletapi.SecurityContextHolderAwareRequestFilter@268bebd0, org.springframework.security.web.authentication.AnonymousAuthenticationFilter@56f97f, org.springframework.security.web.session.SessionManagementFilter@7128ab19, org.springframework.security.web.access.ExceptionTranslationFilter@e2198b7, org.springframework.security.web.access.intercept.FilterSecurityInterceptor@4c110374]
2023-11-07 16:53:17.601 INFO  [restartedMain] [o.s.b.a.w.s.WelcomePageHandlerMapping] - Adding welcome page template: index
2023-11-07 16:53:17.759 INFO  [restartedMain] [o.s.b.d.a.OptionalLiveReloadServer] - LiveReload server is running on port 35729
2023-11-07 16:53:17.769 INFO  [restartedMain] [o.apache.coyote.http11.Http11NioProtocol] - Starting ProtocolHandler ["http-nio-8085"]
2023-11-07 16:53:17.779 INFO  [restartedMain] [o.s.b.w.embedded.tomcat.TomcatWebServer] - Tomcat started on port(s): 8085 (http) with context path ''
2023-11-07 16:53:17.786 INFO  [restartedMain] [com.shop.Pro05Application] - Started Pro05Application in 1.316 seconds (JVM running for 1.773)
2023-11-07 16:53:17.896 INFO  [http-nio-8085-exec-1] [o.a.c.c.C.[Tomcat].[localhost].[/]] - Initializing Spring DispatcherServlet 'dispatcherServlet'
2023-11-07 16:53:17.896 INFO  [http-nio-8085-exec-1] [o.s.web.servlet.DispatcherServlet] - Initializing Servlet 'dispatcherServlet'
2023-11-07 16:53:17.896 INFO  [http-nio-8085-exec-1] [o.s.web.servlet.DispatcherServlet] - Completed initialization in 0 ms
2023-11-07 16:54:14.956 INFO  [background-preinit] [o.h.validator.internal.util.Version] - HV000001: Hibernate Validator 6.2.5.Final
2023-11-07 16:54:14.956 INFO  [restartedMain] [com.shop.Pro05Application] - Starting Pro05Application using Java 17.0.7 on FULL8-017 with PID 5052 (D:\shin\springboot\pro05\build\classes\java\main started by db400tea in D:\shin\springboot\pro05)
2023-11-07 16:54:14.958 INFO  [restartedMain] [com.shop.Pro05Application] - No active profile set, falling back to 1 default profile: "default"
2023-11-07 16:54:15.112 INFO  [restartedMain] [o.s.b.d.e.DevToolsPropertyDefaultsPostProcessor] - Devtools property defaults active! Set 'spring.devtools.add-properties' to 'false' to disable
2023-11-07 16:54:15.112 INFO  [restartedMain] [o.s.b.d.e.DevToolsPropertyDefaultsPostProcessor] - For additional web related logging consider setting the 'logging.level.web' property to 'DEBUG'
2023-11-07 16:54:15.470 WARN  [restartedMain] [o.m.spring.mapper.ClassPathMapperScanner] - No MyBatis mapper was found in '[com.shop]' package. Please check your configuration.
2023-11-07 16:54:15.685 INFO  [restartedMain] [o.s.b.w.embedded.tomcat.TomcatWebServer] - Tomcat initialized with port(s): 8085 (http)
2023-11-07 16:54:15.690 INFO  [restartedMain] [o.apache.coyote.http11.Http11NioProtocol] - Initializing ProtocolHandler ["http-nio-8085"]
2023-11-07 16:54:15.690 INFO  [restartedMain] [org.apache.catalina.core.StandardService] - Starting service [Tomcat]
2023-11-07 16:54:15.691 INFO  [restartedMain] [org.apache.catalina.core.StandardEngine] - Starting Servlet engine: [Apache Tomcat/9.0.82]
2023-11-07 16:54:15.733 INFO  [restartedMain] [o.a.c.c.C.[Tomcat].[localhost].[/]] - Initializing Spring embedded WebApplicationContext
2023-11-07 16:54:15.733 INFO  [restartedMain] [o.s.b.w.s.c.ServletWebServerApplicationContext] - Root WebApplicationContext: initialization completed in 621 ms
2023-11-07 16:54:15.786 WARN  [restartedMain] [o.s.b.a.s.s.UserDetailsServiceAutoConfiguration] - 

Using generated security password: 67b54ee2-e5b3-438f-839b-d2d40e44ea0e

This generated password is for development use only. Your security configuration must be updated before running your application in production.

2023-11-07 16:54:15.836 INFO  [restartedMain] [o.s.s.web.DefaultSecurityFilterChain] - Will secure any request with [org.springframework.security.web.session.DisableEncodeUrlFilter@102bc206, org.springframework.security.web.context.request.async.WebAsyncManagerIntegrationFilter@1037538b, org.springframework.security.web.context.SecurityContextPersistenceFilter@4116ad20, org.springframework.security.web.header.HeaderWriterFilter@5590474c, org.springframework.security.web.csrf.CsrfFilter@37bce553, org.springframework.security.web.authentication.logout.LogoutFilter@22c17906, org.springframework.security.web.savedrequest.RequestCacheAwareFilter@55fca370, org.springframework.security.web.servletapi.SecurityContextHolderAwareRequestFilter@141be6a7, org.springframework.security.web.authentication.AnonymousAuthenticationFilter@58bea618, org.springframework.security.web.session.SessionManagementFilter@5b4955d7, org.springframework.security.web.access.ExceptionTranslationFilter@59e60f15, org.springframework.security.web.access.intercept.FilterSecurityInterceptor@14fe9126]
2023-11-07 16:54:15.923 INFO  [restartedMain] [o.s.b.a.w.s.WelcomePageHandlerMapping] - Adding welcome page template: index
2023-11-07 16:54:16.079 INFO  [restartedMain] [o.s.b.d.a.OptionalLiveReloadServer] - LiveReload server is running on port 35729
2023-11-07 16:54:16.088 INFO  [restartedMain] [o.apache.coyote.http11.Http11NioProtocol] - Starting ProtocolHandler ["http-nio-8085"]
2023-11-07 16:54:16.100 INFO  [restartedMain] [o.s.b.w.embedded.tomcat.TomcatWebServer] - Tomcat started on port(s): 8085 (http) with context path ''
2023-11-07 16:54:16.105 INFO  [restartedMain] [com.shop.Pro05Application] - Started Pro05Application in 1.315 seconds (JVM running for 1.673)
2023-11-07 16:54:16.360 INFO  [http-nio-8085-exec-1] [o.a.c.c.C.[Tomcat].[localhost].[/]] - Initializing Spring DispatcherServlet 'dispatcherServlet'
2023-11-07 16:54:16.360 INFO  [http-nio-8085-exec-1] [o.s.web.servlet.DispatcherServlet] - Initializing Servlet 'dispatcherServlet'
2023-11-07 16:54:16.361 INFO  [http-nio-8085-exec-1] [o.s.web.servlet.DispatcherServlet] - Completed initialization in 1 ms
2023-11-07 16:54:26.412 INFO  [background-preinit] [o.h.validator.internal.util.Version] - HV000001: Hibernate Validator 6.2.5.Final
2023-11-07 16:54:26.415 INFO  [restartedMain] [com.shop.Pro05Application] - Starting Pro05Application using Java 17.0.7 on FULL8-017 with PID 13228 (D:\shin\springboot\pro05\build\classes\java\main started by db400tea in D:\shin\springboot\pro05)
2023-11-07 16:54:26.416 INFO  [restartedMain] [com.shop.Pro05Application] - No active profile set, falling back to 1 default profile: "default"
2023-11-07 16:54:26.555 INFO  [restartedMain] [o.s.b.d.e.DevToolsPropertyDefaultsPostProcessor] - Devtools property defaults active! Set 'spring.devtools.add-properties' to 'false' to disable
2023-11-07 16:54:26.555 INFO  [restartedMain] [o.s.b.d.e.DevToolsPropertyDefaultsPostProcessor] - For additional web related logging consider setting the 'logging.level.web' property to 'DEBUG'
2023-11-07 16:54:26.892 WARN  [restartedMain] [o.m.spring.mapper.ClassPathMapperScanner] - No MyBatis mapper was found in '[com.shop]' package. Please check your configuration.
2023-11-07 16:54:27.113 INFO  [restartedMain] [o.s.b.w.embedded.tomcat.TomcatWebServer] - Tomcat initialized with port(s): 8085 (http)
2023-11-07 16:54:27.117 INFO  [restartedMain] [o.apache.coyote.http11.Http11NioProtocol] - Initializing ProtocolHandler ["http-nio-8085"]
2023-11-07 16:54:27.118 INFO  [restartedMain] [org.apache.catalina.core.StandardService] - Starting service [Tomcat]
2023-11-07 16:54:27.118 INFO  [restartedMain] [org.apache.catalina.core.StandardEngine] - Starting Servlet engine: [Apache Tomcat/9.0.82]
2023-11-07 16:54:27.160 INFO  [restartedMain] [o.a.c.c.C.[Tomcat].[localhost].[/]] - Initializing Spring embedded WebApplicationContext
2023-11-07 16:54:27.160 INFO  [restartedMain] [o.s.b.w.s.c.ServletWebServerApplicationContext] - Root WebApplicationContext: initialization completed in 604 ms
2023-11-07 16:54:27.215 WARN  [restartedMain] [o.s.b.a.s.s.UserDetailsServiceAutoConfiguration] - 

Using generated security password: c92bcb53-0789-4701-9dd7-cf5d60f8bad3

This generated password is for development use only. Your security configuration must be updated before running your application in production.

2023-11-07 16:54:27.265 INFO  [restartedMain] [o.s.s.web.DefaultSecurityFilterChain] - Will secure any request with [org.springframework.security.web.session.DisableEncodeUrlFilter@5a124941, org.springframework.security.web.context.request.async.WebAsyncManagerIntegrationFilter@36a6b75a, org.springframework.security.web.context.SecurityContextPersistenceFilter@6c3187e2, org.springframework.security.web.header.HeaderWriterFilter@2e6f4d7a, org.springframework.security.web.csrf.CsrfFilter@5c24ad38, org.springframework.security.web.authentication.logout.LogoutFilter@6a3154f1, org.springframework.security.web.savedrequest.RequestCacheAwareFilter@5a01ad51, org.springframework.security.web.servletapi.SecurityContextHolderAwareRequestFilter@5b4955d7, org.springframework.security.web.authentication.AnonymousAuthenticationFilter@65377db6, org.springframework.security.web.session.SessionManagementFilter@487cc1da, org.springframework.security.web.access.ExceptionTranslationFilter@660f3851, org.springframework.security.web.access.intercept.FilterSecurityInterceptor@76cf72fa]
2023-11-07 16:54:27.356 INFO  [restartedMain] [o.s.b.a.w.s.WelcomePageHandlerMapping] - Adding welcome page template: index
2023-11-07 16:54:27.512 INFO  [restartedMain] [o.s.b.d.a.OptionalLiveReloadServer] - LiveReload server is running on port 35729
2023-11-07 16:54:27.520 INFO  [restartedMain] [o.apache.coyote.http11.Http11NioProtocol] - Starting ProtocolHandler ["http-nio-8085"]
2023-11-07 16:54:27.530 INFO  [restartedMain] [o.s.b.w.embedded.tomcat.TomcatWebServer] - Tomcat started on port(s): 8085 (http) with context path ''
2023-11-07 16:54:27.536 INFO  [restartedMain] [com.shop.Pro05Application] - Started Pro05Application in 1.293 seconds (JVM running for 1.675)
2023-11-07 16:54:27.654 INFO  [http-nio-8085-exec-1] [o.a.c.c.C.[Tomcat].[localhost].[/]] - Initializing Spring DispatcherServlet 'dispatcherServlet'
2023-11-07 16:54:27.654 INFO  [http-nio-8085-exec-1] [o.s.web.servlet.DispatcherServlet] - Initializing Servlet 'dispatcherServlet'
2023-11-07 16:54:27.655 INFO  [http-nio-8085-exec-1] [o.s.web.servlet.DispatcherServlet] - Completed initialization in 1 ms
